<?xml version="1.0" encoding="UTF-8"?>
<!-- Generated by org.testng.reporters.JUnitReportReporter -->
<testsuite name="testPage.ManufacturingPageTest" tests="1" time="56.929" ignored="0" failures="0" timestamp="18 Apr 2022 12:13:32 GMT" skipped="0" hostname="DESKTOP-JRUE999" errors="0">
  <testcase name="verifycreatemanufact" time="56.929" classname="testPage.ManufacturingPageTest"/>
</testsuite> <!-- testPage.ManufacturingPageTest -->
